2025-12-26 16:38:53 INFO  com.gorest.api.endpoints.UserEndpoint - Using token: Bearer 027****
2025-12-26 16:38:53 INFO  com.gorest.api.endpoints.UserEndpoint - Creating user with email: arlene.orn@yahoo.com
2025-12-26 16:38:55 INFO  com.gorest.api.endpoints.UserEndpoint - Create User Response Status: 201
2025-12-26 16:38:56 INFO  com.gorest.api.endpoints.UserEndpoint - Using token: Bearer 027****
2025-12-26 16:38:56 INFO  com.gorest.api.endpoints.UserEndpoint - Fetching user with ID: 8310627
2025-12-26 16:38:57 INFO  com.gorest.api.endpoints.UserEndpoint - Get User Response Status: 200
2025-12-26 16:38:57 INFO  com.gorest.api.endpoints.UserEndpoint - Using token: Bearer 027****
2025-12-26 16:38:57 INFO  com.gorest.api.endpoints.UserEndpoint - Updating user with email: ethan.kemmer@gmail.com
2025-12-26 16:38:58 INFO  com.gorest.api.endpoints.UserEndpoint - Update User Response Status: 200
2025-12-26 16:38:58 INFO  com.gorest.api.endpoints.UserEndpoint - Using token: Bearer 027****
2025-12-26 16:38:58 INFO  com.gorest.api.endpoints.UserEndpoint - Deleting user with ID: 8310627
2025-12-26 16:38:59 INFO  com.gorest.api.endpoints.UserEndpoint - Delete User Response Status: 204
2025-12-26 16:38:59 INFO  com.gorest.api.endpoints.UserEndpoint - Using token: Bearer 027****
2025-12-26 16:38:59 INFO  com.gorest.api.endpoints.UserEndpoint - Fetching user with ID: 8310627
2025-12-26 16:39:00 INFO  com.gorest.api.endpoints.UserEndpoint - Get User Response Status: 404
2025-12-26 16:39:00 INFO  com.gorest.api.endpoints.UserEndpoint - Using token: Bearer 027****
2025-12-26 16:39:00 INFO  com.gorest.api.endpoints.UserEndpoint - Creating user with email: berry.flatley@gmail.com
2025-12-26 16:39:02 INFO  com.gorest.api.endpoints.UserEndpoint - Create User Response Status: 201
2025-12-26 16:39:02 INFO  com.gorest.api.endpoints.UserEndpoint - Using token: Bearer 027****
2025-12-26 16:39:02 INFO  com.gorest.api.endpoints.UserEndpoint - Fetching user with ID: 8310628
2025-12-26 16:39:04 INFO  com.gorest.api.endpoints.UserEndpoint - Get User Response Status: 200
2025-12-26 16:39:04 INFO  com.gorest.api.endpoints.UserEndpoint - Using token: Bearer 027****
2025-12-26 16:39:04 INFO  com.gorest.api.endpoints.UserEndpoint - Updating user with email: patrica.fay@gmail.com
2025-12-26 16:39:05 INFO  com.gorest.api.endpoints.UserEndpoint - Update User Response Status: 200
2025-12-26 16:39:05 INFO  com.gorest.api.endpoints.UserEndpoint - Using token: Bearer 027****
2025-12-26 16:39:05 INFO  com.gorest.api.endpoints.UserEndpoint - Deleting user with ID: 8310628
2025-12-26 16:39:06 INFO  com.gorest.api.endpoints.UserEndpoint - Delete User Response Status: 204
2025-12-26 16:39:06 INFO  com.gorest.api.endpoints.UserEndpoint - Using token: Bearer 027****
2025-12-26 16:39:06 INFO  com.gorest.api.endpoints.UserEndpoint - Fetching user with ID: 8310628
2025-12-26 16:39:07 INFO  com.gorest.api.endpoints.UserEndpoint - Get User Response Status: 404
2025-12-26 16:39:07 INFO  com.gorest.api.endpoints.UserEndpoint - Using token: Bearer 027****
2025-12-26 16:39:07 INFO  com.gorest.api.endpoints.UserEndpoint - Creating user with email: jc.nader@yahoo.com
2025-12-26 16:39:08 INFO  com.gorest.api.endpoints.UserEndpoint - Create User Response Status: 201
2025-12-26 16:39:08 INFO  com.gorest.api.endpoints.UserEndpoint - Using token: Bearer 027****
2025-12-26 16:39:08 INFO  com.gorest.api.endpoints.UserEndpoint - Fetching user with ID: 8310630
2025-12-26 16:39:10 INFO  com.gorest.api.endpoints.UserEndpoint - Get User Response Status: 200
2025-12-26 16:39:10 INFO  com.gorest.api.endpoints.UserEndpoint - Using token: Bearer 027****
2025-12-26 16:39:10 INFO  com.gorest.api.endpoints.UserEndpoint - Updating user with email: gregg.rohan@yahoo.com
2025-12-26 16:39:11 INFO  com.gorest.api.endpoints.UserEndpoint - Update User Response Status: 200
2025-12-26 16:39:11 INFO  com.gorest.api.endpoints.UserEndpoint - Using token: Bearer 027****
2025-12-26 16:39:11 INFO  com.gorest.api.endpoints.UserEndpoint - Deleting user with ID: 8310630
2025-12-26 16:39:12 INFO  com.gorest.api.endpoints.UserEndpoint - Delete User Response Status: 204
2025-12-26 16:39:12 INFO  com.gorest.api.endpoints.UserEndpoint - Using token: Bearer 027****
2025-12-26 16:39:12 INFO  com.gorest.api.endpoints.UserEndpoint - Fetching user with ID: 8310630
2025-12-26 16:39:13 INFO  com.gorest.api.endpoints.UserEndpoint - Get User Response Status: 404
2025-12-26 16:39:13 INFO  com.gorest.api.endpoints.UserEndpoint - Using token: Bearer 027****
2025-12-26 16:39:13 INFO  com.gorest.api.endpoints.UserEndpoint - Creating user with email: solomon.kilback@yahoo.com
2025-12-26 16:39:14 INFO  com.gorest.api.endpoints.UserEndpoint - Create User Response Status: 201
2025-12-26 16:39:15 INFO  com.gorest.api.endpoints.UserEndpoint - Using token: Bearer 027****
2025-12-26 16:39:15 INFO  com.gorest.api.endpoints.UserEndpoint - Fetching user with ID: 8310631
2025-12-26 16:39:16 INFO  com.gorest.api.endpoints.UserEndpoint - Get User Response Status: 200
2025-12-26 16:39:16 INFO  com.gorest.api.endpoints.UserEndpoint - Using token: Bearer 027****
2025-12-26 16:39:16 INFO  com.gorest.api.endpoints.UserEndpoint - Updating user with email: jesus.tromp@hotmail.com
2025-12-26 16:39:17 INFO  com.gorest.api.endpoints.UserEndpoint - Update User Response Status: 200
2025-12-26 16:39:17 INFO  com.gorest.api.endpoints.UserEndpoint - Using token: Bearer 027****
2025-12-26 16:39:17 INFO  com.gorest.api.endpoints.UserEndpoint - Deleting user with ID: 8310631
2025-12-26 16:39:18 INFO  com.gorest.api.endpoints.UserEndpoint - Delete User Response Status: 204
2025-12-26 16:39:18 INFO  com.gorest.api.endpoints.UserEndpoint - Using token: Bearer 027****
2025-12-26 16:39:18 INFO  com.gorest.api.endpoints.UserEndpoint - Fetching user with ID: 8310631
2025-12-26 16:39:20 INFO  com.gorest.api.endpoints.UserEndpoint - Get User Response Status: 404
2025-12-26 16:40:01 INFO  com.gorest.api.endpoints.UserEndpoint - Using token: Bearer 027****
2025-12-26 16:40:01 INFO  com.gorest.api.endpoints.UserEndpoint - Creating user with email: louella.aufderhar@yahoo.com
2025-12-26 16:40:04 INFO  com.gorest.api.endpoints.UserEndpoint - Create User Response Status: 201
2025-12-26 16:40:04 INFO  com.gorest.api.endpoints.UserEndpoint - Using token: Bearer 027****
2025-12-26 16:40:04 INFO  com.gorest.api.endpoints.UserEndpoint - Fetching user with ID: 8310632
2025-12-26 16:40:05 INFO  com.gorest.api.endpoints.UserEndpoint - Get User Response Status: 200
2025-12-26 16:40:05 INFO  com.gorest.api.endpoints.UserEndpoint - Using token: Bearer 027****
2025-12-26 16:40:05 INFO  com.gorest.api.endpoints.UserEndpoint - Updating user with email: tamra.welch@gmail.com
2025-12-26 16:40:06 INFO  com.gorest.api.endpoints.UserEndpoint - Update User Response Status: 200
2025-12-26 16:40:06 INFO  com.gorest.api.endpoints.UserEndpoint - Using token: Bearer 027****
2025-12-26 16:40:06 INFO  com.gorest.api.endpoints.UserEndpoint - Deleting user with ID: 8310632
2025-12-26 16:40:08 INFO  com.gorest.api.endpoints.UserEndpoint - Delete User Response Status: 204
2025-12-26 16:40:08 INFO  com.gorest.api.endpoints.UserEndpoint - Using token: Bearer 027****
2025-12-26 16:40:08 INFO  com.gorest.api.endpoints.UserEndpoint - Fetching user with ID: 8310632
2025-12-26 16:40:09 INFO  com.gorest.api.endpoints.UserEndpoint - Get User Response Status: 404
2025-12-26 16:40:09 INFO  com.gorest.api.endpoints.UserEndpoint - Using token: Bearer 027****
2025-12-26 16:40:09 INFO  com.gorest.api.endpoints.UserEndpoint - Creating user with email: winston.crooks@gmail.com
2025-12-26 16:40:10 INFO  com.gorest.api.endpoints.UserEndpoint - Create User Response Status: 201
2025-12-26 16:40:10 INFO  com.gorest.api.endpoints.UserEndpoint - Using token: Bearer 027****
2025-12-26 16:40:10 INFO  com.gorest.api.endpoints.UserEndpoint - Fetching user with ID: 8310634
2025-12-26 16:40:11 INFO  com.gorest.api.endpoints.UserEndpoint - Get User Response Status: 200
2025-12-26 16:40:11 INFO  com.gorest.api.endpoints.UserEndpoint - Using token: Bearer 027****
2025-12-26 16:40:11 INFO  com.gorest.api.endpoints.UserEndpoint - Updating user with email: janice.bartoletti@yahoo.com
2025-12-26 16:40:12 INFO  com.gorest.api.endpoints.UserEndpoint - Update User Response Status: 200
2025-12-26 16:40:12 INFO  com.gorest.api.endpoints.UserEndpoint - Using token: Bearer 027****
2025-12-26 16:40:12 INFO  com.gorest.api.endpoints.UserEndpoint - Deleting user with ID: 8310634
2025-12-26 16:40:13 INFO  com.gorest.api.endpoints.UserEndpoint - Delete User Response Status: 204
2025-12-26 16:40:13 INFO  com.gorest.api.endpoints.UserEndpoint - Using token: Bearer 027****
2025-12-26 16:40:13 INFO  com.gorest.api.endpoints.UserEndpoint - Fetching user with ID: 8310634
2025-12-26 16:40:14 INFO  com.gorest.api.endpoints.UserEndpoint - Get User Response Status: 404
2025-12-26 16:40:14 INFO  com.gorest.api.endpoints.UserEndpoint - Using token: Bearer 027****
2025-12-26 16:40:14 INFO  com.gorest.api.endpoints.UserEndpoint - Creating user with email: raphael.wilkinson@hotmail.com
2025-12-26 16:40:17 INFO  com.gorest.api.endpoints.UserEndpoint - Create User Response Status: 201
2025-12-26 16:40:17 INFO  com.gorest.api.endpoints.UserEndpoint - Using token: Bearer 027****
2025-12-26 16:40:17 INFO  com.gorest.api.endpoints.UserEndpoint - Fetching user with ID: 8310635
2025-12-26 16:40:18 INFO  com.gorest.api.endpoints.UserEndpoint - Get User Response Status: 200
2025-12-26 16:40:18 INFO  com.gorest.api.endpoints.UserEndpoint - Using token: Bearer 027****
2025-12-26 16:40:18 INFO  com.gorest.api.endpoints.UserEndpoint - Updating user with email: hortense.cronin@yahoo.com
2025-12-26 16:40:20 INFO  com.gorest.api.endpoints.UserEndpoint - Update User Response Status: 200
2025-12-26 16:40:20 INFO  com.gorest.api.endpoints.UserEndpoint - Using token: Bearer 027****
2025-12-26 16:40:20 INFO  com.gorest.api.endpoints.UserEndpoint - Deleting user with ID: 8310635
2025-12-26 16:40:22 INFO  com.gorest.api.endpoints.UserEndpoint - Delete User Response Status: 204
2025-12-26 16:40:22 INFO  com.gorest.api.endpoints.UserEndpoint - Using token: Bearer 027****
2025-12-26 16:40:22 INFO  com.gorest.api.endpoints.UserEndpoint - Fetching user with ID: 8310635
2025-12-26 16:40:23 INFO  com.gorest.api.endpoints.UserEndpoint - Get User Response Status: 404
2025-12-26 16:40:23 INFO  com.gorest.api.endpoints.UserEndpoint - Using token: Bearer 027****
2025-12-26 16:40:23 INFO  com.gorest.api.endpoints.UserEndpoint - Creating user with email: magdalena.goyette@yahoo.com
2025-12-26 16:40:24 INFO  com.gorest.api.endpoints.UserEndpoint - Create User Response Status: 201
2025-12-26 16:40:24 INFO  com.gorest.api.endpoints.UserEndpoint - Using token: Bearer 027****
2025-12-26 16:40:24 INFO  com.gorest.api.endpoints.UserEndpoint - Fetching user with ID: 8310636
2025-12-26 16:40:25 INFO  com.gorest.api.endpoints.UserEndpoint - Get User Response Status: 200
2025-12-26 16:40:25 INFO  com.gorest.api.endpoints.UserEndpoint - Using token: Bearer 027****
2025-12-26 16:40:25 INFO  com.gorest.api.endpoints.UserEndpoint - Updating user with email: danuta.collier@gmail.com
2025-12-26 16:40:27 INFO  com.gorest.api.endpoints.UserEndpoint - Update User Response Status: 200
2025-12-26 16:40:27 INFO  com.gorest.api.endpoints.UserEndpoint - Using token: Bearer 027****
2025-12-26 16:40:27 INFO  com.gorest.api.endpoints.UserEndpoint - Deleting user with ID: 8310636
2025-12-26 16:40:28 INFO  com.gorest.api.endpoints.UserEndpoint - Delete User Response Status: 204
2025-12-26 16:40:28 INFO  com.gorest.api.endpoints.UserEndpoint - Using token: Bearer 027****
2025-12-26 16:40:28 INFO  com.gorest.api.endpoints.UserEndpoint - Fetching user with ID: 8310636
2025-12-26 16:40:29 INFO  com.gorest.api.endpoints.UserEndpoint - Get User Response Status: 404
